<?xml version="1.0" encoding="UTF-8"?>
<!-- Generated by org.testng.reporters.JUnitReportReporter -->
<testsuite hostname="PVN_Creations" failures="0" tests="1" name="HMS_test.patientToAdminTest" time="45.322" errors="0" timestamp="2022-09-20T13:34:21 IST" skipped="0">
  <testcase classname="HMS_test.patientToAdminTest" name="pacToAdm" time="45.322"/>
  <system-out/>
</testsuite> <!-- HMS_test.patientToAdminTest -->
